2023-03-16 10:55:09.456 [DEBU] {988ea6c0c4c64c1797bc71482fa64589} [  4 ms] [default] [gf-shop] [rows:7  ] SHOW FULL COLUMNS FROM `rotation_info`
2023-03-16 10:55:09.459 [DEBU] {988ea6c0c4c64c1797bc71482fa64589} [  1 ms] [default] [gf-shop] [rows:1  ] INSERT INTO `rotation_info`(`pic_url`,`link`,`sort`,`created_at`,`updated_at`) VALUES('http://dummyimage.com/180x150','http://dridqcuh.kz/hjboagd',1,'2023-03-16 10:55:09','2023-03-16 10:55:09') 
2023-03-16 11:07:53.235 [DEBU] {10db7d9576c74c175ccde50664012bfb} [  4 ms] [default] [gf-shop] [rows:7  ] SHOW FULL COLUMNS FROM `rotation_info`
2023-03-16 11:07:53.238 [DEBU] {10db7d9576c74c175ccde50664012bfb} [  2 ms] [default] [gf-shop] [rows:2  ] SELECT `id`,`pic_url`,`link`,`sort`,`created_at`,`updated_at`,`deleted_at` FROM `rotation_info` WHERE `deleted_at` IS NULL ORDER BY `created_at` DESC LIMIT 0,10
2023-03-16 11:07:53.242 [DEBU] {10db7d9576c74c175ccde50664012bfb} [  3 ms] [default] [gf-shop] [rows:1  ] SELECT COUNT(1) FROM `rotation_info` WHERE `deleted_at` IS NULL
2023-03-16 11:08:01.166 [DEBU] {e00f5d6e78c74c175dcde5061f26bc5e} [  2 ms] [default] [gf-shop] [rows:1  ] INSERT INTO `rotation_info`(`updated_at`,`pic_url`,`link`,`sort`,`created_at`) VALUES('2023-03-16 11:08:01','http://dummyimage.com/180x150','http://dridqcuh.kz/hjboagd',1,'2023-03-16 11:08:01') 
2023-03-16 11:08:01.887 [DEBU] {20ed5f9978c74c175ecde506ca6a207e} [  1 ms] [default] [gf-shop] [rows:1  ] INSERT INTO `rotation_info`(`pic_url`,`link`,`sort`,`created_at`,`updated_at`) VALUES('http://dummyimage.com/180x150','http://dridqcuh.kz/hjboagd',1,'2023-03-16 11:08:01','2023-03-16 11:08:01') 
2023-03-16 11:08:02.719 [DEBU] {f03ef8ca78c74c175fcde50664974adc} [  1 ms] [default] [gf-shop] [rows:1  ] INSERT INTO `rotation_info`(`link`,`sort`,`created_at`,`updated_at`,`pic_url`) VALUES('http://dridqcuh.kz/hjboagd',1,'2023-03-16 11:08:02','2023-03-16 11:08:02','http://dummyimage.com/180x150') 
2023-03-16 11:08:03.316 [DEBU] {18b68fee78c74c1760cde506a29a1ccc} [  1 ms] [default] [gf-shop] [rows:1  ] INSERT INTO `rotation_info`(`created_at`,`updated_at`,`pic_url`,`link`,`sort`) VALUES('2023-03-16 11:08:03','2023-03-16 11:08:03','http://dummyimage.com/180x150','http://dridqcuh.kz/hjboagd',1) 
2023-03-16 11:08:03.899 [DEBU] {4871591179c74c1761cde5069c24f09b} [  1 ms] [default] [gf-shop] [rows:1  ] INSERT INTO `rotation_info`(`pic_url`,`link`,`sort`,`created_at`,`updated_at`) VALUES('http://dummyimage.com/180x150','http://dridqcuh.kz/hjboagd',1,'2023-03-16 11:08:03','2023-03-16 11:08:03') 
2023-03-16 11:08:04.401 [DEBU] {d000382f79c74c1762cde50637d2d4d7} [  2 ms] [default] [gf-shop] [rows:1  ] INSERT INTO `rotation_info`(`pic_url`,`link`,`sort`,`created_at`,`updated_at`) VALUES('http://dummyimage.com/180x150','http://dridqcuh.kz/hjboagd',1,'2023-03-16 11:08:04','2023-03-16 11:08:04') 
2023-03-16 11:08:04.868 [DEBU] {c0560d4b79c74c1763cde506997b2519} [  2 ms] [default] [gf-shop] [rows:1  ] INSERT INTO `rotation_info`(`pic_url`,`link`,`sort`,`created_at`,`updated_at`) VALUES('http://dummyimage.com/180x150','http://dridqcuh.kz/hjboagd',1,'2023-03-16 11:08:04','2023-03-16 11:08:04') 
2023-03-16 11:08:05.336 [DEBU] {4041f06679c74c1764cde506477cc43a} [  2 ms] [default] [gf-shop] [rows:1  ] INSERT INTO `rotation_info`(`sort`,`created_at`,`updated_at`,`pic_url`,`link`) VALUES(1,'2023-03-16 11:08:05','2023-03-16 11:08:05','http://dummyimage.com/180x150','http://dridqcuh.kz/hjboagd') 
2023-03-16 11:08:05.861 [DEBU] {3023f08579c74c1765cde506b6481157} [  7 ms] [default] [gf-shop] [rows:1  ] INSERT INTO `rotation_info`(`pic_url`,`link`,`sort`,`created_at`,`updated_at`) VALUES('http://dummyimage.com/180x150','http://dridqcuh.kz/hjboagd',1,'2023-03-16 11:08:05','2023-03-16 11:08:05') 
2023-03-16 11:08:06.334 [DEBU] {f0d25ea279c74c1766cde506510b1b4d} [  3 ms] [default] [gf-shop] [rows:1  ] INSERT INTO `rotation_info`(`pic_url`,`link`,`sort`,`created_at`,`updated_at`) VALUES('http://dummyimage.com/180x150','http://dridqcuh.kz/hjboagd',1,'2023-03-16 11:08:06','2023-03-16 11:08:06') 
2023-03-16 11:08:08.781 [DEBU] {a8444d347ac74c1767cde5063cc7de10} [  1 ms] [default] [gf-shop] [rows:10 ] SELECT `id`,`pic_url`,`link`,`sort`,`created_at`,`updated_at`,`deleted_at` FROM `rotation_info` WHERE `deleted_at` IS NULL ORDER BY `created_at` DESC LIMIT 0,10
2023-03-16 11:08:08.783 [DEBU] {a8444d347ac74c1767cde5063cc7de10} [  1 ms] [default] [gf-shop] [rows:1  ] SELECT COUNT(1) FROM `rotation_info` WHERE `deleted_at` IS NULL
2023-03-16 11:08:09.633 [DEBU] {a86210677ac74c1768cde5065b771bf1} [  2 ms] [default] [gf-shop] [rows:10 ] SELECT `id`,`pic_url`,`link`,`sort`,`created_at`,`updated_at`,`deleted_at` FROM `rotation_info` WHERE `deleted_at` IS NULL ORDER BY `created_at` DESC LIMIT 0,10
2023-03-16 11:08:09.636 [DEBU] {a86210677ac74c1768cde5065b771bf1} [  3 ms] [default] [gf-shop] [rows:1  ] SELECT COUNT(1) FROM `rotation_info` WHERE `deleted_at` IS NULL
2023-03-16 11:08:25.396 [DEBU] {10039f127ec74c1769cde506fb841681} [  2 ms] [default] [gf-shop] [rows:2  ] SELECT `id`,`pic_url`,`link`,`sort`,`created_at`,`updated_at`,`deleted_at` FROM `rotation_info` WHERE `deleted_at` IS NULL ORDER BY `created_at` DESC LIMIT 0,2
2023-03-16 11:08:25.397 [DEBU] {10039f127ec74c1769cde506fb841681} [  1 ms] [default] [gf-shop] [rows:1  ] SELECT COUNT(1) FROM `rotation_info` WHERE `deleted_at` IS NULL
2023-03-16 11:08:26.313 [DEBU] {a8dd5e497ec74c176acde506ebbcd807} [  0 ms] [default] [gf-shop] [rows:2  ] SELECT `id`,`pic_url`,`link`,`sort`,`created_at`,`updated_at`,`deleted_at` FROM `rotation_info` WHERE `deleted_at` IS NULL ORDER BY `created_at` DESC LIMIT 0,2
2023-03-16 11:08:26.314 [DEBU] {a8dd5e497ec74c176acde506ebbcd807} [  0 ms] [default] [gf-shop] [rows:1  ] SELECT COUNT(1) FROM `rotation_info` WHERE `deleted_at` IS NULL
2023-03-16 11:08:27.051 [DEBU] {68dc4b757ec74c176bcde506ba9276a8} [  1 ms] [default] [gf-shop] [rows:2  ] SELECT `id`,`pic_url`,`link`,`sort`,`created_at`,`updated_at`,`deleted_at` FROM `rotation_info` WHERE `deleted_at` IS NULL ORDER BY `created_at` DESC LIMIT 0,2
2023-03-16 11:08:27.054 [DEBU] {68dc4b757ec74c176bcde506ba9276a8} [  3 ms] [default] [gf-shop] [rows:1  ] SELECT COUNT(1) FROM `rotation_info` WHERE `deleted_at` IS NULL
2023-03-16 16:48:37.789 [DEBU] {10c8eab30eda4c175ff5b84a4bb504cd} [  3 ms] [default] [gf-shop] [rows:7  ] SHOW FULL COLUMNS FROM `rotation_info`
2023-03-16 16:48:37.791 [DEBU] {10c8eab30eda4c175ff5b84a4bb504cd} [  1 ms] [default] [gf-shop] [rows:2  ] SELECT `id`,`pic_url`,`link`,`sort`,`created_at`,`updated_at`,`deleted_at` FROM `rotation_info` WHERE `deleted_at` IS NULL ORDER BY `created_at` DESC LIMIT 0,2
2023-03-16 16:48:37.795 [DEBU] {10c8eab30eda4c175ff5b84a4bb504cd} [  2 ms] [default] [gf-shop] [rows:1  ] SELECT COUNT(1) FROM `rotation_info` WHERE `deleted_at` IS NULL
2023-03-16 16:48:40.209 [DEBU] {089558440fda4c1760f5b84aebe79bba} [  0 ms] [default] [gf-shop] [rows:2  ] SELECT `id`,`pic_url`,`link`,`sort`,`created_at`,`updated_at`,`deleted_at` FROM `rotation_info` WHERE `deleted_at` IS NULL ORDER BY `created_at` DESC LIMIT 0,2
2023-03-16 16:48:40.213 [DEBU] {089558440fda4c1760f5b84aebe79bba} [  3 ms] [default] [gf-shop] [rows:1  ] SELECT COUNT(1) FROM `rotation_info` WHERE `deleted_at` IS NULL
2023-03-16 16:53:27.713 [DEBU] {4879883452da4c17afde442fb3d987a8} [  5 ms] [default] [gf-shop] [rows:7  ] SHOW FULL COLUMNS FROM `rotation_info`
2023-03-16 16:53:27.717 [DEBU] {4879883452da4c17afde442fb3d987a8} [  3 ms] [default] [gf-shop] [rows:2  ] SELECT `id`,`pic_url`,`link`,`sort`,`created_at`,`updated_at`,`deleted_at` FROM `rotation_info` WHERE `deleted_at` IS NULL ORDER BY `created_at` DESC LIMIT 0,2
2023-03-16 16:53:27.719 [DEBU] {4879883452da4c17afde442fb3d987a8} [  1 ms] [default] [gf-shop] [rows:1  ] SELECT COUNT(1) FROM `rotation_info` WHERE `deleted_at` IS NULL
2023-03-16 16:53:27.722 [DEBU] {4879883452da4c17afde442fb3d987a8} [  2 ms] [default] [gf-shop] [rows:2  ] SELECT `id`,`pic_url`,`link`,`created_at`,`updated_at` FROM `rotation_info` WHERE `deleted_at` IS NULL ORDER BY `created_at` DESC LIMIT 0,2
2023-03-16 16:53:35.372 [DEBU] {c86b73fd53da4c17b0de442f66d8e692} [  0 ms] [default] [gf-shop] [rows:5  ] SELECT `id`,`pic_url`,`link`,`sort`,`created_at`,`updated_at`,`deleted_at` FROM `rotation_info` WHERE `deleted_at` IS NULL ORDER BY `created_at` DESC LIMIT 0,5
2023-03-16 16:53:35.375 [DEBU] {c86b73fd53da4c17b0de442f66d8e692} [  1 ms] [default] [gf-shop] [rows:1  ] SELECT COUNT(1) FROM `rotation_info` WHERE `deleted_at` IS NULL
2023-03-16 16:53:35.375 [DEBU] {c86b73fd53da4c17b0de442f66d8e692} [  0 ms] [default] [gf-shop] [rows:5  ] SELECT `id`,`pic_url`,`link`,`created_at`,`updated_at` FROM `rotation_info` WHERE `deleted_at` IS NULL ORDER BY `created_at` DESC LIMIT 0,5
2023-03-16 16:53:40.860 [DEBU] {48f88c4455da4c17b1de442ff7702261} [  1 ms] [default] [gf-shop] [rows:5  ] SELECT `id`,`pic_url`,`link`,`sort`,`created_at`,`updated_at`,`deleted_at` FROM `rotation_info` WHERE `deleted_at` IS NULL ORDER BY `created_at` DESC LIMIT 5,5
2023-03-16 16:53:40.861 [DEBU] {48f88c4455da4c17b1de442ff7702261} [  0 ms] [default] [gf-shop] [rows:1  ] SELECT COUNT(1) FROM `rotation_info` WHERE `deleted_at` IS NULL
2023-03-16 16:53:40.863 [DEBU] {48f88c4455da4c17b1de442ff7702261} [  1 ms] [default] [gf-shop] [rows:5  ] SELECT `id`,`pic_url`,`link`,`created_at`,`updated_at` FROM `rotation_info` WHERE `deleted_at` IS NULL ORDER BY `created_at` DESC LIMIT 5,5
2023-03-16 16:53:50.455 [DEBU] {8011718057da4c17b2de442f3ba2ab7e} [  1 ms] [default] [gf-shop] [rows:2  ] SELECT `id`,`pic_url`,`link`,`sort`,`created_at`,`updated_at`,`deleted_at` FROM `rotation_info` WHERE `deleted_at` IS NULL ORDER BY `created_at` DESC LIMIT 10,5
2023-03-16 16:53:50.457 [DEBU] {8011718057da4c17b2de442f3ba2ab7e} [  1 ms] [default] [gf-shop] [rows:1  ] SELECT COUNT(1) FROM `rotation_info` WHERE `deleted_at` IS NULL
2023-03-16 16:53:50.458 [DEBU] {8011718057da4c17b2de442f3ba2ab7e} [  1 ms] [default] [gf-shop] [rows:2  ] SELECT `id`,`pic_url`,`link`,`created_at`,`updated_at` FROM `rotation_info` WHERE `deleted_at` IS NULL ORDER BY `created_at` DESC LIMIT 10,5
2023-03-16 16:53:54.793 [DEBU] {686b038358da4c17b3de442f69e6ebe9} [  1 ms] [default] [gf-shop] [rows:0  ] SELECT `id`,`pic_url`,`link`,`sort`,`created_at`,`updated_at`,`deleted_at` FROM `rotation_info` WHERE `deleted_at` IS NULL ORDER BY `created_at` DESC LIMIT 15,5
2023-03-16 16:54:05.520 [DEBU] {f8f511025bda4c17b4de442ff07c0b1e} [  6 ms] [default] [gf-shop] [rows:2  ] SELECT `id`,`pic_url`,`link`,`sort`,`created_at`,`updated_at`,`deleted_at` FROM `rotation_info` WHERE `deleted_at` IS NULL ORDER BY `created_at` DESC LIMIT 10,5
2023-03-16 16:54:05.521 [DEBU] {f8f511025bda4c17b4de442ff07c0b1e} [  1 ms] [default] [gf-shop] [rows:1  ] SELECT COUNT(1) FROM `rotation_info` WHERE `deleted_at` IS NULL
2023-03-16 16:54:05.522 [DEBU] {f8f511025bda4c17b4de442ff07c0b1e} [  1 ms] [default] [gf-shop] [rows:2  ] SELECT `id`,`pic_url`,`link`,`created_at`,`updated_at` FROM `rotation_info` WHERE `deleted_at` IS NULL ORDER BY `created_at` DESC LIMIT 10,5
2023-03-16 16:54:12.703 [DEBU] {90b688ae5cda4c17b5de442fdaf26d4d} [  0 ms] [default] [gf-shop] [rows:0  ] SELECT `id`,`pic_url`,`link`,`sort`,`created_at`,`updated_at`,`deleted_at` FROM `rotation_info` WHERE `deleted_at` IS NULL ORDER BY `created_at` DESC LIMIT 15,5
2023-03-16 16:54:39.007 [DEBU] {b8db3dce62da4c17b6de442fa49fc8ec} [  3 ms] [default] [gf-shop] [rows:0  ] SELECT `id`,`pic_url`,`link`,`sort`,`created_at`,`updated_at`,`deleted_at` FROM `rotation_info` WHERE `deleted_at` IS NULL ORDER BY `created_at` DESC LIMIT 15,5
2023-03-16 16:54:54.094 [DEBU] {78905b5166da4c176ac76c64c909bfb6} [  4 ms] [default] [gf-shop] [rows:7  ] SHOW FULL COLUMNS FROM `rotation_info`
2023-03-16 16:54:54.096 [DEBU] {78905b5166da4c176ac76c64c909bfb6} [  1 ms] [default] [gf-shop] [rows:0  ] SELECT `id`,`pic_url`,`link`,`sort`,`created_at`,`updated_at`,`deleted_at` FROM `rotation_info` WHERE `deleted_at` IS NULL ORDER BY `created_at` DESC LIMIT 15,5
2023-03-16 17:37:30.474 [DEBU] {382da285b9dc4c176bc76c64eb4d27de} [  2 ms] [default] [gf-shop] [rows:0  ] SELECT `id`,`pic_url`,`link`,`sort`,`created_at`,`updated_at`,`deleted_at` FROM `rotation_info` WHERE `deleted_at` IS NULL ORDER BY `created_at` DESC LIMIT 15,5
2023-03-16 17:37:44.378 [DEBU] {50df74c2bcdc4c176cc76c64145d30b3} [  1 ms] [default] [gf-shop] [rows:5  ] SELECT `id`,`pic_url`,`link`,`sort`,`created_at`,`updated_at`,`deleted_at` FROM `rotation_info` WHERE `deleted_at` IS NULL ORDER BY `created_at` DESC LIMIT 0,5
2023-03-16 17:37:44.380 [DEBU] {50df74c2bcdc4c176cc76c64145d30b3} [  2 ms] [default] [gf-shop] [rows:1  ] SELECT COUNT(1) FROM `rotation_info` WHERE `deleted_at` IS NULL
2023-03-16 17:37:44.382 [DEBU] {50df74c2bcdc4c176cc76c64145d30b3} [  2 ms] [default] [gf-shop] [rows:5  ] SELECT `id`,`pic_url`,`link`,`created_at`,`updated_at` FROM `rotation_info` WHERE `deleted_at` IS NULL ORDER BY `created_at` DESC LIMIT 0,5
2023-03-16 17:41:54.551 [DEBU] {107ea101f7dc4c17d3a5197dc49bfb65} [  5 ms] [default] [gf-shop] [rows:7  ] SHOW FULL COLUMNS FROM `rotation_info`
2023-03-16 17:41:54.554 [DEBU] {107ea101f7dc4c17d3a5197dc49bfb65} [  2 ms] [default] [gf-shop] [rows:5  ] SELECT `id`,`pic_url`,`link`,`created_at`,`updated_at` FROM `rotation_info` WHERE `deleted_at` IS NULL ORDER BY `created_at` DESC LIMIT 0,5
2023-03-16 17:41:54.556 [DEBU] {107ea101f7dc4c17d3a5197dc49bfb65} [  1 ms] [default] [gf-shop] [rows:1  ] SELECT COUNT(1) FROM `rotation_info` WHERE `deleted_at` IS NULL
2023-03-16 17:41:55.316 [DEBU] {602f8b2ff7dc4c17d4a5197d377bb8fd} [  1 ms] [default] [gf-shop] [rows:5  ] SELECT `id`,`pic_url`,`link`,`created_at`,`updated_at` FROM `rotation_info` WHERE `deleted_at` IS NULL ORDER BY `created_at` DESC LIMIT 0,5
2023-03-16 17:41:55.318 [DEBU] {602f8b2ff7dc4c17d4a5197d377bb8fd} [  1 ms] [default] [gf-shop] [rows:1  ] SELECT COUNT(1) FROM `rotation_info` WHERE `deleted_at` IS NULL
2023-03-16 17:42:05.475 [DEBU] {e0d71b8df9dc4c17d5a5197dc9c7d3d8} [  0 ms] [default] [gf-shop] [rows:2  ] SELECT `id`,`pic_url`,`link`,`created_at`,`updated_at` FROM `rotation_info` WHERE `deleted_at` IS NULL ORDER BY `created_at` DESC LIMIT 10,5
2023-03-16 17:42:05.495 [DEBU] {e0d71b8df9dc4c17d5a5197dc9c7d3d8} [ 20 ms] [default] [gf-shop] [rows:1  ] SELECT COUNT(1) FROM `rotation_info` WHERE `deleted_at` IS NULL
2023-03-16 17:42:10.089 [DEBU] {f0f119a0fadc4c17d6a5197da0f30e36} [  1 ms] [default] [gf-shop] [rows:0  ] SELECT `id`,`pic_url`,`link`,`created_at`,`updated_at` FROM `rotation_info` WHERE `deleted_at` IS NULL ORDER BY `created_at` DESC LIMIT 15,5
2023-03-16 17:42:18.877 [DEBU] {78f5dfabfcdc4c17d7a5197dc829deda} [  1 ms] [default] [gf-shop] [rows:12 ] SELECT `id`,`pic_url`,`link`,`created_at`,`updated_at` FROM `rotation_info` WHERE `deleted_at` IS NULL ORDER BY `created_at` DESC LIMIT 0,15
2023-03-16 17:42:18.879 [DEBU] {78f5dfabfcdc4c17d7a5197dc829deda} [  1 ms] [default] [gf-shop] [rows:1  ] SELECT COUNT(1) FROM `rotation_info` WHERE `deleted_at` IS NULL
2023-03-16 17:47:43.394 [DEBU] {b089703a48dd4c175cd24767d66b34da} [  3 ms] [default] [gf-shop] [rows:7  ] SHOW FULL COLUMNS FROM `rotation_info`
2023-03-16 17:47:43.399 [DEBU] {b089703a48dd4c175cd24767d66b34da} [  2 ms] [default] [gf-shop] [rows:1  ] SELECT COUNT(1) FROM `rotation_info` WHERE `deleted_at` IS NULL ORDER BY `created_at` DESC
2023-03-16 17:47:43.400 [DEBU] {b089703a48dd4c175cd24767d66b34da} [  1 ms] [default] [gf-shop] [rows:0  ] SELECT `id`,`pic_url`,`link`,`created_at`,`updated_at` FROM `rotation_info` WHERE `deleted_at` IS NULL ORDER BY `created_at` DESC LIMIT 165,15
2023-03-16 17:47:54.743 [DEBU] {b8ca20df4add4c175dd2476769a5effa} [  0 ms] [default] [gf-shop] [rows:1  ] SELECT COUNT(1) FROM `rotation_info` WHERE `deleted_at` IS NULL ORDER BY `created_at` DESC
2023-03-16 17:47:54.747 [DEBU] {b8ca20df4add4c175dd2476769a5effa} [  3 ms] [default] [gf-shop] [rows:2  ] SELECT `id`,`pic_url`,`link`,`created_at`,`updated_at` FROM `rotation_info` WHERE `deleted_at` IS NULL ORDER BY `created_at` DESC LIMIT 10,5
2023-03-16 17:47:54.751 [DEBU] {b8ca20df4add4c175dd2476769a5effa} [  3 ms] [default] [gf-shop] [rows:1  ] SELECT COUNT(1) FROM `rotation_info` WHERE `deleted_at` IS NULL
2023-03-16 17:49:53.805 [DEBU] {d0a16c9766dd4c1710a143349afaf374} [  4 ms] [default] [gf-shop] [rows:7  ] SHOW FULL COLUMNS FROM `rotation_info`
2023-03-16 17:49:53.807 [DEBU] {d0a16c9766dd4c1710a143349afaf374} [  1 ms] [default] [gf-shop] [rows:2  ] SELECT `id`,`pic_url`,`link`,`created_at`,`updated_at` FROM `rotation_info` WHERE `deleted_at` IS NULL ORDER BY `created_at` DESC LIMIT 10,5
2023-03-16 17:49:53.809 [DEBU] {d0a16c9766dd4c1710a143349afaf374} [  1 ms] [default] [gf-shop] [rows:1  ] SELECT COUNT(1) FROM `rotation_info` WHERE `deleted_at` IS NULL
2023-03-16 20:00:58.635 [DEBU] {38a5fbc38de44c17f47ada3f07e78b81} [  3 ms] [default] [gf-shop] [rows:7  ] SHOW FULL COLUMNS FROM `rotation_info`
2023-03-16 20:00:58.636 [DEBU] {38a5fbc38de44c17f47ada3f07e78b81} [  0 ms] [default] [gf-shop] [rows:2  ] SELECT `id`,`pic_url`,`link`,`created_at`,`updated_at` FROM `rotation_info` WHERE `deleted_at` IS NULL ORDER BY `created_at` DESC LIMIT 10,5
2023-03-16 20:00:58.637 [DEBU] {38a5fbc38de44c17f47ada3f07e78b81} [  0 ms] [default] [gf-shop] [rows:1  ] SELECT COUNT(1) FROM `rotation_info` WHERE `deleted_at` IS NULL
2023-03-16 20:00:59.839 [DEBU] {082eec0b8ee44c17f57ada3f2d0f4ba6} [  0 ms] [default] [gf-shop] [rows:2  ] SELECT `id`,`pic_url`,`link`,`created_at`,`updated_at` FROM `rotation_info` WHERE `deleted_at` IS NULL ORDER BY `created_at` DESC LIMIT 10,5
2023-03-16 20:00:59.841 [DEBU] {082eec0b8ee44c17f57ada3f2d0f4ba6} [  1 ms] [default] [gf-shop] [rows:1  ] SELECT COUNT(1) FROM `rotation_info` WHERE `deleted_at` IS NULL
